<?xml version="1.0" encoding="UTF-8" ?>
<testsuite failures="0" time="2.053" errors="0" skipped="0" tests="1" name="com.example.MyResourceTest">
  <properties>
    <property name="java.runtime.name" value="Java(TM) SE Runtime Environment"/>
    <property name="sun.boot.library.path" value="C:\java\jdk1.7.0_17\jre\bin"/>
    <property name="java.vm.version" value="23.7-b01"/>
    <property name="java.vm.vendor" value="Oracle Corporation"/>
    <property name="java.vendor.url" value="http://java.oracle.com/"/>
    <property name="path.separator" value=";"/>
    <property name="java.vm.name" value="Java HotSpot(TM) 64-Bit Server VM"/>
    <property name="file.encoding.pkg" value="sun.io"/>
    <property name="user.script" value=""/>
    <property name="user.country" value="US"/>
    <property name="sun.java.launcher" value="SUN_STANDARD"/>
    <property name="sun.os.patch.level" value="Service Pack 1"/>
    <property name="java.vm.specification.name" value="Java Virtual Machine Specification"/>
    <property name="user.dir" value="C:\Users\chen\samples\simple-service"/>
    <property name="java.runtime.version" value="1.7.0_17-b02"/>
    <property name="java.awt.graphicsenv" value="sun.awt.Win32GraphicsEnvironment"/>
    <property name="basedir" value="C:\Users\chen\samples\simple-service"/>
    <property name="java.endorsed.dirs" value="C:\java\jdk1.7.0_17\jre\lib\endorsed"/>
    <property name="os.arch" value="amd64"/>
    <property name="surefire.real.class.path" value="C:\Users\chen\samples\simple-service\target\surefire\surefirebooter2511713688059531898.jar"/>
    <property name="java.io.tmpdir" value="C:\Users\chen\AppData\Local\Temp\"/>
    <property name="line.separator" value="
"/>
    <property name="java.vm.specification.vendor" value="Oracle Corporation"/>
    <property name="user.variant" value=""/>
    <property name="os.name" value="Windows 7"/>
    <property name="sun.jnu.encoding" value="Cp1252"/>
    <property name="java.library.path" value="C:\java\jdk1.7.0_17\jre\bin;C:\Windows\Sun\Java\bin;C:\Windows\system32;C:\Windows;C:\ProgramData\Oracle\Java\javapath;C:\Python34\;C:\Python34\Scripts;C:\java\jdk1.7.0_55\bin;C:\apache-maven-3.0.3\bin;C:\Perl64\site\bin;C:\Perl64\bin;C:\app\chen\product\11.2.0\dbhome_1\bin;C:\Program Files\CollabNet\Subversion Client;C:\Windows\system32;C:\Windows;C:\Windows\System32\Wbem;C:\Windows\System32\WindowsPowerShell\v1.0\;C:\Program Files\ActivIdentity\ActivClient\;C:\Program Files (x86)\ActivIdentity\ActivClient\;C:\Program Files\TortoiseSVN\bin;C:\Program Files (x86)\Common Files\Acronis\SnapAPI\;C:\Program Files\Vertica Systems\bin;C:\Program Files\HP\HP BTO Software\lib;C:\Program Files\HP\HP BTO Software\bin;C:\Program Files\HP\HP BTO Software\bin\win64;C:\Program Files\HP\HP BTO Software\bin\win64\OpC;;."/>
    <property name="surefire.test.class.path" value="C:\Users\chen\samples\simple-service\target\test-classes;C:\Users\chen\samples\simple-service\target\classes;C:\Users\chen\.m2\repository\org\glassfish\jersey\containers\jersey-container-grizzly2-http\2.17\jersey-container-grizzly2-http-2.17.jar;C:\Users\chen\.m2\repository\org\glassfish\hk2\external\javax.inject\2.4.0-b10\javax.inject-2.4.0-b10.jar;C:\Users\chen\.m2\repository\org\glassfish\grizzly\grizzly-http-server\2.3.16\grizzly-http-server-2.3.16.jar;C:\Users\chen\.m2\repository\org\glassfish\grizzly\grizzly-http\2.3.16\grizzly-http-2.3.16.jar;C:\Users\chen\.m2\repository\org\glassfish\grizzly\grizzly-framework\2.3.16\grizzly-framework-2.3.16.jar;C:\Users\chen\.m2\repository\org\glassfish\jersey\core\jersey-common\2.17\jersey-common-2.17.jar;C:\Users\chen\.m2\repository\javax\annotation\javax.annotation-api\1.2\javax.annotation-api-1.2.jar;C:\Users\chen\.m2\repository\org\glassfish\jersey\bundles\repackaged\jersey-guava\2.17\jersey-guava-2.17.jar;C:\Users\chen\.m2\repository\org\glassfish\hk2\hk2-api\2.4.0-b10\hk2-api-2.4.0-b10.jar;C:\Users\chen\.m2\repository\org\glassfish\hk2\hk2-utils\2.4.0-b10\hk2-utils-2.4.0-b10.jar;C:\Users\chen\.m2\repository\org\glassfish\hk2\external\aopalliance-repackaged\2.4.0-b10\aopalliance-repackaged-2.4.0-b10.jar;C:\Users\chen\.m2\repository\org\glassfish\hk2\hk2-locator\2.4.0-b10\hk2-locator-2.4.0-b10.jar;C:\Users\chen\.m2\repository\org\javassist\javassist\3.18.1-GA\javassist-3.18.1-GA.jar;C:\Users\chen\.m2\repository\org\glassfish\hk2\osgi-resource-locator\1.0.1\osgi-resource-locator-1.0.1.jar;C:\Users\chen\.m2\repository\org\glassfish\jersey\core\jersey-server\2.17\jersey-server-2.17.jar;C:\Users\chen\.m2\repository\org\glassfish\jersey\core\jersey-client\2.17\jersey-client-2.17.jar;C:\Users\chen\.m2\repository\org\glassfish\jersey\media\jersey-media-jaxb\2.17\jersey-media-jaxb-2.17.jar;C:\Users\chen\.m2\repository\javax\validation\validation-api\1.1.0.Final\validation-api-1.1.0.Final.jar;C:\Users\chen\.m2\repository\javax\ws\rs\javax.ws.rs-api\2.0.1\javax.ws.rs-api-2.0.1.jar;C:\Users\chen\.m2\repository\junit\junit\4.9\junit-4.9.jar;C:\Users\chen\.m2\repository\org\hamcrest\hamcrest-core\1.1\hamcrest-core-1.1.jar;"/>
    <property name="java.specification.name" value="Java Platform API Specification"/>
    <property name="java.class.version" value="51.0"/>
    <property name="sun.management.compiler" value="HotSpot 64-Bit Tiered Compilers"/>
    <property name="os.version" value="6.1"/>
    <property name="user.home" value="C:\Users\chen"/>
    <property name="user.timezone" value="America/New_York"/>
    <property name="java.awt.printerjob" value="sun.awt.windows.WPrinterJob"/>
    <property name="java.specification.version" value="1.7"/>
    <property name="file.encoding" value="Cp1252"/>
    <property name="user.name" value="chen"/>
    <property name="java.class.path" value="C:\Users\chen\samples\simple-service\target\test-classes;C:\Users\chen\samples\simple-service\target\classes;C:\Users\chen\.m2\repository\org\glassfish\jersey\containers\jersey-container-grizzly2-http\2.17\jersey-container-grizzly2-http-2.17.jar;C:\Users\chen\.m2\repository\org\glassfish\hk2\external\javax.inject\2.4.0-b10\javax.inject-2.4.0-b10.jar;C:\Users\chen\.m2\repository\org\glassfish\grizzly\grizzly-http-server\2.3.16\grizzly-http-server-2.3.16.jar;C:\Users\chen\.m2\repository\org\glassfish\grizzly\grizzly-http\2.3.16\grizzly-http-2.3.16.jar;C:\Users\chen\.m2\repository\org\glassfish\grizzly\grizzly-framework\2.3.16\grizzly-framework-2.3.16.jar;C:\Users\chen\.m2\repository\org\glassfish\jersey\core\jersey-common\2.17\jersey-common-2.17.jar;C:\Users\chen\.m2\repository\javax\annotation\javax.annotation-api\1.2\javax.annotation-api-1.2.jar;C:\Users\chen\.m2\repository\org\glassfish\jersey\bundles\repackaged\jersey-guava\2.17\jersey-guava-2.17.jar;C:\Users\chen\.m2\repository\org\glassfish\hk2\hk2-api\2.4.0-b10\hk2-api-2.4.0-b10.jar;C:\Users\chen\.m2\repository\org\glassfish\hk2\hk2-utils\2.4.0-b10\hk2-utils-2.4.0-b10.jar;C:\Users\chen\.m2\repository\org\glassfish\hk2\external\aopalliance-repackaged\2.4.0-b10\aopalliance-repackaged-2.4.0-b10.jar;C:\Users\chen\.m2\repository\org\glassfish\hk2\hk2-locator\2.4.0-b10\hk2-locator-2.4.0-b10.jar;C:\Users\chen\.m2\repository\org\javassist\javassist\3.18.1-GA\javassist-3.18.1-GA.jar;C:\Users\chen\.m2\repository\org\glassfish\hk2\osgi-resource-locator\1.0.1\osgi-resource-locator-1.0.1.jar;C:\Users\chen\.m2\repository\org\glassfish\jersey\core\jersey-server\2.17\jersey-server-2.17.jar;C:\Users\chen\.m2\repository\org\glassfish\jersey\core\jersey-client\2.17\jersey-client-2.17.jar;C:\Users\chen\.m2\repository\org\glassfish\jersey\media\jersey-media-jaxb\2.17\jersey-media-jaxb-2.17.jar;C:\Users\chen\.m2\repository\javax\validation\validation-api\1.1.0.Final\validation-api-1.1.0.Final.jar;C:\Users\chen\.m2\repository\javax\ws\rs\javax.ws.rs-api\2.0.1\javax.ws.rs-api-2.0.1.jar;C:\Users\chen\.m2\repository\junit\junit\4.9\junit-4.9.jar;C:\Users\chen\.m2\repository\org\hamcrest\hamcrest-core\1.1\hamcrest-core-1.1.jar;"/>
    <property name="java.vm.specification.version" value="1.7"/>
    <property name="sun.arch.data.model" value="64"/>
    <property name="java.home" value="C:\java\jdk1.7.0_17\jre"/>
    <property name="sun.java.command" value="C:\Users\chen\samples\simple-service\target\surefire\surefirebooter2511713688059531898.jar C:\Users\chen\samples\simple-service\target\surefire\surefire8624615744114020031tmp C:\Users\chen\samples\simple-service\target\surefire\surefire2444753949211350411tmp"/>
    <property name="java.specification.vendor" value="Oracle Corporation"/>
    <property name="user.language" value="en"/>
    <property name="awt.toolkit" value="sun.awt.windows.WToolkit"/>
    <property name="java.vm.info" value="mixed mode"/>
    <property name="java.version" value="1.7.0_17"/>
    <property name="java.ext.dirs" value="C:\java\jdk1.7.0_17\jre\lib\ext;C:\Windows\Sun\Java\lib\ext"/>
    <property name="sun.boot.class.path" value="C:\java\jdk1.7.0_17\jre\lib\resources.jar;C:\java\jdk1.7.0_17\jre\lib\rt.jar;C:\java\jdk1.7.0_17\jre\lib\sunrsasign.jar;C:\java\jdk1.7.0_17\jre\lib\jsse.jar;C:\java\jdk1.7.0_17\jre\lib\jce.jar;C:\java\jdk1.7.0_17\jre\lib\charsets.jar;C:\java\jdk1.7.0_17\jre\lib\jfr.jar;C:\java\jdk1.7.0_17\jre\classes"/>
    <property name="java.vendor" value="Oracle Corporation"/>
    <property name="localRepository" value="C:\Users\chen\.m2\repository"/>
    <property name="file.separator" value="\"/>
    <property name="java.vendor.url.bug" value="http://bugreport.sun.com/bugreport/"/>
    <property name="sun.cpu.endian" value="little"/>
    <property name="sun.io.unicode.encoding" value="UnicodeLittle"/>
    <property name="sun.desktop" value="windows"/>
    <property name="sun.cpu.isalist" value="amd64"/>
  </properties>
  <testcase time="1.983" classname="com.example.MyResourceTest" name="testGetIt"/>
</testsuite>